c:\users\bryan\documents\github\benliud\benliud_bt\debug\benliud_bt.pch
c:\users\bryan\documents\github\benliud\benliud_bt\debug\vc142.pdb
c:\users\bryan\documents\github\benliud\benliud_bt\debug\stdafx.obj
c:\users\bryan\documents\github\benliud\benliud_bt\debug\peercenter.obj
c:\users\bryan\documents\github\benliud\benliud_bt\debug\peeradmin.obj
c:\users\bryan\documents\github\benliud\benliud_bt\debug\mse_rc4encryptor.obj
c:\users\bryan\documents\github\benliud\benliud_bt\debug\mse_functions.obj
c:\users\bryan\documents\github\benliud\benliud_bt\debug\mse_bigint.obj
c:\users\bryan\documents\github\benliud\benliud_bt\debug\mse_btdhtkey.obj
c:\users\bryan\documents\github\benliud\benliud_bt\debug\httpurl.obj
c:\users\bryan\documents\github\benliud\benliud_bt\debug\filewrap.obj
c:\users\bryan\documents\github\benliud\benliud_bt\debug\dnsbuffer.obj
c:\users\bryan\documents\github\benliud\benliud_bt\debug\btstorage.obj
c:\users\bryan\documents\github\benliud\benliud_bt\debug\btsession.obj
c:\users\bryan\documents\github\benliud\benliud_bt\debug\btpiecesum.obj
c:\users\bryan\documents\github\benliud\benliud_bt\debug\btpiece.obj
c:\users\bryan\documents\github\benliud\benliud_bt\debug\btpeer.obj
c:\users\bryan\documents\github\benliud\benliud_bt\debug\btlistener.obj
c:\users\bryan\documents\github\benliud\benliud_bt\debug\btlistenspeedcontrol.obj
c:\users\bryan\documents\github\benliud\benliud_bt\debug\btlistensocket.obj
c:\users\bryan\documents\github\benliud\benliud_bt\debug\btlistenpeeradmin.obj
c:\users\bryan\documents\github\benliud\benliud_bt\debug\btjob.obj
c:\users\bryan\documents\github\benliud\benliud_bt\debug\benliud_bt.obj
c:\users\bryan\documents\github\benliud\benliud_bt\debug\udptracker.obj
c:\users\bryan\documents\github\benliud\benliud_bt\debug\trackercenter.obj
c:\users\bryan\documents\github\benliud\benliud_bt\debug\trackerbase.obj
c:\users\bryan\documents\github\benliud\benliud_bt\debug\tcptracker.obj
c:\users\bryan\documents\github\benliud\benliud_bt\debug\speedcontrolbase.obj
c:\users\bryan\documents\github\benliud\benliud_bt\debug\speedcontrol.obj
c:\users\bryan\documents\github\benliud\benliud_bt\debug\singlerequest.obj
c:\users\bryan\documents\github\benliud\benliud_bt\debug\sharerequest.obj
c:\users\bryan\documents\github\benliud\benliud_bt\debug\benliud_bt.tlog\cl.command.1.tlog
c:\users\bryan\documents\github\benliud\benliud_bt\debug\benliud_bt.tlog\cl.read.1.tlog
c:\users\bryan\documents\github\benliud\benliud_bt\debug\benliud_bt.tlog\cl.write.1.tlog
