  stdafx.cpp
  benliud_bt.cpp
C:\Users\Bryan\Documents\GitHub\benliud\benliud_bt\benliud_bt.cpp(633,22): warning C4018: '<': signed/unsigned mismatch
  BTJob.cpp
  BTListenPeerAdmin.cpp
C:\Users\Bryan\Documents\GitHub\benliud\BaseLibs\include\Tools.h(7,1): warning C4005: 'MAX': macro redefinition
C:\Users\Bryan\Documents\GitHub\benliud\thirdparty\bigint\bigint.h(2): message : see previous definition of 'MAX'
  BTListenSocket.cpp
  BTListenSpeedControl.cpp
  BTListener.cpp
  BTPeer.cpp
  BTPiece.cpp
  BTPieceSum.cpp
C:\Users\Bryan\Documents\GitHub\benliud\benliud_bt\src\BTPieceSum.cpp(79,2): warning C4018: '<': signed/unsigned mismatch
C:\Users\Bryan\Documents\GitHub\benliud\benliud_bt\src\BTPieceSum.cpp(81,20): warning C4018: '>=': signed/unsigned mismatch
C:\Users\Bryan\Documents\GitHub\benliud\benliud_bt\src\BTPieceSum.cpp(88,20): warning C4018: '>=': signed/unsigned mismatch
C:\Users\Bryan\Documents\GitHub\benliud\benliud_bt\src\BTPieceSum.cpp(125,20): warning C4018: '>=': signed/unsigned mismatch
  BTSession.cpp
  BTStorage.cpp
C:\Users\Bryan\Documents\GitHub\benliud\benliud_bt\src\BTStorage.cpp(452,5): warning C4018: '<': signed/unsigned mismatch
C:\Users\Bryan\Documents\GitHub\benliud\benliud_bt\src\BTStorage.cpp(652,3): warning C4018: '<': signed/unsigned mismatch
C:\Users\Bryan\Documents\GitHub\benliud\benliud_bt\src\BTStorage.cpp(763,22): warning C4018: '>=': signed/unsigned mismatch
C:\Users\Bryan\Documents\GitHub\benliud\benliud_bt\src\BTStorage.cpp(873,2): warning C4018: '<': signed/unsigned mismatch
C:\Users\Bryan\Documents\GitHub\benliud\benliud_bt\src\BTStorage.cpp(1836,2): warning C4018: '<': signed/unsigned mismatch
C:\Users\Bryan\Documents\GitHub\benliud\benliud_bt\src\BTStorage.cpp(1901,2): warning C4018: '<': signed/unsigned mismatch
C:\Users\Bryan\Documents\GitHub\benliud\benliud_bt\src\BTStorage.cpp(1963,2): warning C4018: '<': signed/unsigned mismatch
C:\Users\Bryan\Documents\GitHub\benliud\benliud_bt\src\BTStorage.cpp(1972,2): warning C4018: '<': signed/unsigned mismatch
C:\Users\Bryan\Documents\GitHub\benliud\benliud_bt\src\BTStorage.cpp(2252,2): warning C4018: '<': signed/unsigned mismatch
C:\Users\Bryan\Documents\GitHub\benliud\benliud_bt\src\BTStorage.cpp(2301,2): warning C4018: '<': signed/unsigned mismatch
C:\Users\Bryan\Documents\GitHub\benliud\benliud_bt\src\BTStorage.cpp(2391,2): warning C4018: '<': signed/unsigned mismatch
C:\Users\Bryan\Documents\GitHub\benliud\benliud_bt\src\BTStorage.cpp(3015,2): warning C4018: '<': signed/unsigned mismatch
C:\Users\Bryan\Documents\GitHub\benliud\benliud_bt\src\BTStorage.cpp(3032,2): warning C4018: '<': signed/unsigned mismatch
C:\Users\Bryan\Documents\GitHub\benliud\benliud_bt\src\BTStorage.cpp(3148,2): warning C4018: '<': signed/unsigned mismatch
C:\Users\Bryan\Documents\GitHub\benliud\benliud_bt\src\BTStorage.cpp(3336,2): warning C4018: '<': signed/unsigned mismatch
C:\Users\Bryan\Documents\GitHub\benliud\benliud_bt\src\BTStorage.cpp(3346,2): warning C4018: '<': signed/unsigned mismatch
C:\Users\Bryan\Documents\GitHub\benliud\benliud_bt\src\BTStorage.cpp(3368,2): warning C4018: '<': signed/unsigned mismatch
C:\Users\Bryan\Documents\GitHub\benliud\benliud_bt\src\BTStorage.cpp(3394,2): warning C4018: '<': signed/unsigned mismatch
C:\Users\Bryan\Documents\GitHub\benliud\benliud_bt\src\BTStorage.cpp(3491,2): warning C4018: '<': signed/unsigned mismatch
C:\Users\Bryan\Documents\GitHub\benliud\benliud_bt\src\BTStorage.cpp(3673,2): warning C4018: '<': signed/unsigned mismatch
C:\Users\Bryan\Documents\GitHub\benliud\benliud_bt\src\BTStorage.cpp(3698,2): warning C4018: '<': signed/unsigned mismatch
  DNSBuffer.cpp
  filewrap.cpp
  HttpUrl.cpp
  MSE_BTDHTKey.cpp
  MSE_BigInt.cpp
  MSE_Functions.cpp
  MSE_Rc4encryptor.cpp
  PeerAdmin.cpp
C:\Users\Bryan\Documents\GitHub\benliud\BaseLibs\include\Tools.h(7,1): warning C4005: 'MAX': macro redefinition
C:\Users\Bryan\Documents\GitHub\benliud\thirdparty\bigint\bigint.h(2): message : see previous definition of 'MAX'
  PeerCenter.cpp
  Generating Code...
  Compiling...
  ShareRequest.cpp
  SingleRequest.cpp
  SpeedControl.cpp
  SpeedControlBase.cpp
  TCPTracker.cpp
  TrackerBase.cpp
  TrackerCenter.cpp
  UDPTracker.cpp
C:\Users\Bryan\Documents\GitHub\benliud\benliud_bt\src\UDPTracker.cpp(419,70): warning C4244: 'argument': conversion from 'llong' to 'u_long', possible loss of data
C:\Users\Bryan\Documents\GitHub\benliud\benliud_bt\src\UDPTracker.cpp(420,83): warning C4244: 'argument': conversion from 'llong' to 'u_long', possible loss of data
C:\Users\Bryan\Documents\GitHub\benliud\benliud_bt\src\UDPTracker.cpp(421,67): warning C4244: 'argument': conversion from 'llong' to 'u_long', possible loss of data
  Generating Code...
  bigint.c
c1 : fatal error C1083: Cannot open source file: '..\thirdparty\bigint\bigint.c': No such file or directory
