c:\users\bryan\documents\github\benliud\benliud_btkad\debug\vc142.pdb
c:\users\bryan\documents\github\benliud\benliud_btkad\debug\nearernodestore.obj
c:\users\bryan\documents\github\benliud\benliud_btkad\debug\kbucketentry.obj
c:\users\bryan\documents\github\benliud\benliud_btkad\debug\kbucket.obj
c:\users\bryan\documents\github\benliud\benliud_btkad\debug\frontserver.obj
c:\users\bryan\documents\github\benliud\benliud_btkad\debug\dhtthread.obj
c:\users\bryan\documents\github\benliud\benliud_btkad\debug\dhtnode.obj
c:\users\bryan\documents\github\benliud\benliud_btkad\debug\dbitem.obj
c:\users\bryan\documents\github\benliud\benliud_btkad\debug\database.obj
c:\users\bryan\documents\github\benliud\benliud_btkad\debug\closestnodestore.obj
c:\users\bryan\documents\github\benliud\benliud_btkad\debug\btdhtkey.obj
c:\users\bryan\documents\github\benliud\benliud_btkad\debug\benliud_btkad.obj
c:\users\bryan\documents\github\benliud\debug\benliud_btkad.pdb
c:\users\bryan\documents\github\benliud\benliud_btkad\debug\benliud_btkad.tlog\cl.command.1.tlog
c:\users\bryan\documents\github\benliud\benliud_btkad\debug\benliud_btkad.tlog\cl.read.1.tlog
c:\users\bryan\documents\github\benliud\benliud_btkad\debug\benliud_btkad.tlog\cl.write.1.tlog
c:\users\bryan\documents\github\benliud\benliud_btkad\debug\benliud_btkad.tlog\link-cvtres.read.1.tlog
c:\users\bryan\documents\github\benliud\benliud_btkad\debug\benliud_btkad.tlog\link-cvtres.write.1.tlog
c:\users\bryan\documents\github\benliud\benliud_btkad\debug\benliud_btkad.tlog\link-rc.read.1.tlog
c:\users\bryan\documents\github\benliud\benliud_btkad\debug\benliud_btkad.tlog\link-rc.write.1.tlog
c:\users\bryan\documents\github\benliud\benliud_btkad\debug\benliud_btkad.tlog\link.command.1.tlog
c:\users\bryan\documents\github\benliud\benliud_btkad\debug\benliud_btkad.tlog\link.read.1.tlog
c:\users\bryan\documents\github\benliud\benliud_btkad\debug\benliud_btkad.tlog\link.write.1.tlog
