  benliud_btkad.cpp
  BTDHTKey.cpp
  ClosestNodeStore.cpp
C:\Users\Bryan\Documents\GitHub\benliud\benliud_btkad\src\ClosestNodeStore.cpp(32,23): warning C4018: '<': signed/unsigned mismatch
  DataBase.cpp
C:\Users\Bryan\Documents\GitHub\benliud\benliud_btkad\include\DataBase.h(24,13): warning C4067: unexpected tokens following preprocessor directive - expected a newline
  DBItem.cpp
  DHTNode.cpp
  DHTThread.cpp
C:\Users\Bryan\Documents\GitHub\benliud\benliud_btkad\include\DataBase.h(24,13): warning C4067: unexpected tokens following preprocessor directive - expected a newline
  FrontServer.cpp
C:\Users\Bryan\Documents\GitHub\benliud\benliud_btkad\include\DataBase.h(24,13): warning C4067: unexpected tokens following preprocessor directive - expected a newline
C:\Users\Bryan\Documents\GitHub\benliud\benliud_btkad\src\FrontServer.cpp(812,10): warning C4244: 'initializing': conversion from 'llong' to 'int', possible loss of data
C:\Users\Bryan\Documents\GitHub\benliud\benliud_btkad\src\FrontServer.cpp(1057,17): warning C4018: '<': signed/unsigned mismatch
  KBucket.cpp
  KBucketEntry.cpp
  NearerNodeStore.cpp
C:\Users\Bryan\Documents\GitHub\benliud\benliud_btkad\src\NearerNodeStore.cpp(41,23): warning C4018: '<': signed/unsigned mismatch
  Generating Code...
     Creating library C:\Users\Bryan\Documents\GitHub\benliud\Debug\benliud_btkad.lib and object C:\Users\Bryan\Documents\GitHub\benliud\Debug\benliud_btkad.exp
DataBase.obj : error LNK2019: unresolved external symbol "public: __thiscall HashLib::CSHA1::CSHA1(void)" (??0CSHA1@HashLib@@QAE@XZ) referenced in function "public: class BTDHTKey __thiscall CDataBase::GenToken(struct sockaddr_in &)" (?GenToken@CDataBase@@QAE?AVBTDHTKey@@AAUsockaddr_in@@@Z)
DataBase.obj : error LNK2019: unresolved external symbol "public: virtual void __thiscall HashLib::CSHA1::Hash(char const *,int)" (?Hash@CSHA1@HashLib@@UAEXPBDH@Z) referenced in function "public: class BTDHTKey __thiscall CDataBase::GenToken(struct sockaddr_in &)" (?GenToken@CDataBase@@QAE?AVBTDHTKey@@AAUsockaddr_in@@@Z)
DataBase.obj : error LNK2001: unresolved external symbol "public: virtual void __thiscall HashLib::CSHA1::Open(void)" (?Open@CSHA1@HashLib@@UAEXXZ)
DataBase.obj : error LNK2001: unresolved external symbol "public: virtual void __thiscall HashLib::CSHA1::Close(void)" (?Close@CSHA1@HashLib@@UAEXXZ)
DataBase.obj : error LNK2001: unresolved external symbol "public: virtual void __thiscall HashLib::CSHA1::Update(char const *,int)" (?Update@CSHA1@HashLib@@UAEXPBDH@Z)
C:\Users\Bryan\Documents\GitHub\benliud\Debug\benliud_btkad.dll : fatal error LNK1120: 5 unresolved externals
