c:\users\bryan\documents\github\benliud\debug\baselibs.pdb
c:\users\bryan\documents\github\benliud\baselibs\debug\sockproxytcpclientsock.obj
c:\users\bryan\documents\github\benliud\baselibs\debug\sockdealer.obj
c:\users\bryan\documents\github\benliud\baselibs\debug\sock.obj
c:\users\bryan\documents\github\benliud\baselibs\debug\sha1.obj
c:\users\bryan\documents\github\benliud\baselibs\debug\serversock.obj
c:\users\bryan\documents\github\benliud\baselibs\debug\ripemd160.obj
c:\users\bryan\documents\github\benliud\baselibs\debug\mutex.obj
c:\users\bryan\documents\github\benliud\baselibs\debug\md5.obj
c:\users\bryan\documents\github\benliud\baselibs\debug\matrix.obj
c:\users\bryan\documents\github\benliud\baselibs\debug\httpsock.obj
c:\users\bryan\documents\github\benliud\baselibs\debug\httppagesock.obj
c:\users\bryan\documents\github\benliud\baselibs\debug\httpdataacceptor.obj
c:\users\bryan\documents\github\benliud\baselibs\debug\hashbase.obj
c:\users\bryan\documents\github\benliud\baselibs\debug\exfile.obj
c:\users\bryan\documents\github\benliud\baselibs\debug\dealer.obj
c:\users\bryan\documents\github\benliud\baselibs\debug\clientsock.obj
c:\users\bryan\documents\github\benliud\baselibs\debug\biarray.obj
c:\users\bryan\documents\github\benliud\baselibs\debug\bennode.obj
c:\users\bryan\documents\github\benliud\baselibs\debug\base64.obj
c:\users\bryan\documents\github\benliud\baselibs\debug\autolock.obj
c:\users\bryan\documents\github\benliud\baselibs\debug\udpserversock.obj
c:\users\bryan\documents\github\benliud\baselibs\debug\udpclientsock.obj
c:\users\bryan\documents\github\benliud\baselibs\debug\torrentfile.obj
c:\users\bryan\documents\github\benliud\baselibs\debug\tools.obj
c:\users\bryan\documents\github\benliud\baselibs\debug\timerdealer.obj
c:\users\bryan\documents\github\benliud\baselibs\debug\timerclient.obj
c:\users\bryan\documents\github\benliud\baselibs\debug\threadbase.obj
c:\users\bryan\documents\github\benliud\baselibs\debug\tcpserversock.obj
c:\users\bryan\documents\github\benliud\baselibs\debug\tcpclientsock.obj
c:\users\bryan\documents\github\benliud\baselibs\debug\streamdataacceptor.obj
c:\users\bryan\documents\github\benliud\baselibs\debug\sslsockproxytcpclientsock.obj
c:\users\bryan\documents\github\benliud\baselibs\debug\sockproxyudpserversock.obj
c:\users\bryan\documents\github\benliud\baselibs\debug\sockproxyudpclientsock.obj
c:\users\bryan\documents\github\benliud\baselibs\debug\sockproxytcpserversock.obj
c:\users\bryan\documents\github\benliud\libs\baselibs_x86_mt_debug.lib
c:\users\bryan\documents\github\benliud\baselibs\debug\baselibs.tlog\cl.command.1.tlog
c:\users\bryan\documents\github\benliud\baselibs\debug\baselibs.tlog\cl.read.1.tlog
c:\users\bryan\documents\github\benliud\baselibs\debug\baselibs.tlog\cl.write.1.tlog
c:\users\bryan\documents\github\benliud\baselibs\debug\baselibs.tlog\lib-link.write.1.tlog
c:\users\bryan\documents\github\benliud\baselibs\debug\baselibs.tlog\lib.command.1.tlog
c:\users\bryan\documents\github\benliud\baselibs\debug\baselibs.tlog\lib.read.1.tlog
