C:\Program Files (x86)\Microsoft Visual Studio\2019\Community\MSBuild\Microsoft\VC\v160\Microsoft.CppBuild.targets(1091,5): warning MSB8027: Two or more files with the name of MD5.cpp will produce outputs to the same location. This can lead to an incorrect build result.  The files involved are src\MD5.cpp, ..\thirdparty\crypto\md5.cpp.
C:\Program Files (x86)\Microsoft Visual Studio\2019\Community\MSBuild\Microsoft\VC\v160\Microsoft.CppBuild.targets(1091,5): warning MSB8027: Two or more files with the name of SHA1.cpp will produce outputs to the same location. This can lead to an incorrect build result.  The files involved are src\SHA1.cpp, ..\thirdparty\crypto\sha1.cpp.
  AutoLock.cpp
  base64.cpp
C:\Users\Bryan\Documents\GitHub\benliud\BaseLibs\src\base64.cpp(83,58): warning C4267: '=': conversion from 'size_t' to 'unsigned char', possible loss of data
C:\Users\Bryan\Documents\GitHub\benliud\BaseLibs\src\base64.cpp(100,57): warning C4267: '=': conversion from 'size_t' to 'unsigned char', possible loss of data
  BenNode.cpp
  BiArray.cpp
  ClientSock.cpp
  Dealer.cpp
  exfile.cpp
C:\Users\Bryan\Documents\GitHub\benliud\BaseLibs\src\exfile.cpp(161,3): warning C4996: 'wcscpy': This function or variable may be unsafe. Consider using wcscpy_s instead. To disable deprecation, use _CRT_SECURE_NO_WARNINGS. See online help for details.
  HashBase.cpp
  HttpDataAcceptor.cpp
  HttpPageSock.cpp
  HttpSock.cpp
  Matrix.cpp
  MD5.cpp
  Mutex.cpp
  RipeMd160.cpp
  ServerSock.cpp
  SHA1.cpp
  Sock.cpp
  SockDealer.cpp
  SockProxyTCPClientSock.cpp
C:\Users\Bryan\Documents\GitHub\benliud\BaseLibs\src\SockProxyTCPClientSock.cpp(318,30): warning C4267: '=': conversion from 'size_t' to 'char', possible loss of data
C:\Users\Bryan\Documents\GitHub\benliud\BaseLibs\src\SockProxyTCPClientSock.cpp(648,35): warning C4267: '=': conversion from 'size_t' to 'unsigned char', possible loss of data
C:\Users\Bryan\Documents\GitHub\benliud\BaseLibs\src\SockProxyTCPClientSock.cpp(652,35): warning C4267: '=': conversion from 'size_t' to 'unsigned char', possible loss of data
  Generating Code...
  Compiling...
  SockProxyTCPServerSock.cpp
  SockProxyUDPClientSock.cpp
  SockProxyUDPServerSock.cpp
  SSLSockProxyTCPClientSock.cpp
  StreamDataAcceptor.cpp
  TCPClientSock.cpp
  TCPServerSock.cpp
  ThreadBase.cpp
  TimerClient.cpp
  TimerDealer.cpp
  Tools.cpp
C:\Users\Bryan\Documents\GitHub\benliud\BaseLibs\src\Tools.cpp(13,1): warning C4005: '_WINSOCK_DEPRECATED_NO_WARNINGS': macro redefinition
C:\Users\Bryan\Documents\GitHub\benliud\BaseLibs\src\Tools.cpp : message : see previous definition of '_WINSOCK_DEPRECATED_NO_WARNINGS'
  TorrentFile.cpp
  UDPClientSock.cpp
  UDPServerSock.cpp
  md5.cpp
  sha1.cpp
  Generating Code...
C:\Program Files (x86)\Microsoft Visual Studio\2019\Community\MSBuild\Microsoft\VC\v160\Microsoft.CppBuild.targets(1545,5): warning MSB8012: TargetPath(C:\Users\Bryan\Documents\GitHub\benliud\Debug\BaseLibs.lib) does not match the Library's OutputFile property value (C:\Users\Bryan\Documents\GitHub\benliud\libs\baselibs_x86_mt_debug.lib). This may cause your project to build incorrectly. To correct this, please make sure that $(OutDir), $(TargetName) and $(TargetExt) property values match the value specified in %(Lib.OutputFile).
C:\Program Files (x86)\Microsoft Visual Studio\2019\Community\MSBuild\Microsoft\VC\v160\Microsoft.CppBuild.targets(1547,5): warning MSB8012: TargetName(BaseLibs) does not match the Library's OutputFile property value (baselibs_x86_mt_debug). This may cause your project to build incorrectly. To correct this, please make sure that $(OutDir), $(TargetName) and $(TargetExt) property values match the value specified in %(Lib.OutputFile).
Debug\md5.obj : warning LNK4042: object specified more than once; extras ignored
Debug\sha1.obj : warning LNK4042: object specified more than once; extras ignored
  BaseLibs.vcxproj -> C:\Users\Bryan\Documents\GitHub\benliud\Debug\BaseLibs.lib
